<?xml version="1.0" encoding="UTF-8"?>
<!-- Generated by org.testng.reporters.JUnitReportReporter -->
<testsuite hostname="DESKTOP-RV6F1IE" failures="0" tests="1" name="purushotham.tests.SubmitOrderTest" time="18.133" errors="0" timestamp="2023-01-08T23:40:29 IST" skipped="0">
  <testcase classname="purushotham.tests.SubmitOrderTest" name="submitOrder" time="18.133"/>
  <system-out/>
</testsuite> <!-- purushotham.tests.SubmitOrderTest -->
