<?xml version="1.0" encoding="UTF-8"?>
<!-- Generated by org.testng.reporters.JUnitReportReporter -->
<testsuite hostname="DESKTOP-RV6F1IE" failures="0" tests="1" name="purushotham.tests.TestByJsonData" time="24.252" errors="0" timestamp="2023-01-08T23:40:29 IST" skipped="0">
  <testcase classname="purushotham.tests.TestByJsonData" name="jsonDataTest" time="24.252"/>
  <system-out/>
</testsuite> <!-- purushotham.tests.TestByJsonData -->
